\BOOKMARK [1][-]{section.1}{Introduction}{}% 1
\BOOKMARK [1][-]{section.2}{Sphere Sampling Algorithm}{}% 2
\BOOKMARK [2][-]{subsection.2.1}{Something we know}{section.2}% 3
\BOOKMARK [3][-]{subsubsection.2.1.1}{How to interpret the algorithm? }{subsection.2.1}% 4
\BOOKMARK [3][-]{subsubsection.2.1.2}{Will the algorithm stop?}{subsection.2.1}% 5
\BOOKMARK [3][-]{subsubsection.2.1.3}{-clearance}{subsection.2.1}% 6
\BOOKMARK [3][-]{subsubsection.2.1.4}{Find Containing Spheres}{subsection.2.1}% 7
\BOOKMARK [3][-]{subsubsection.2.1.5}{Inaccurate matric}{subsection.2.1}% 8
\BOOKMARK [3][-]{subsubsection.2.1.6}{How to fast determine if there exist a path between two configurations?}{subsection.2.1}% 9
\BOOKMARK [3][-]{subsubsection.2.1.7}{Does the shape of actually C-Space matter? }{subsection.2.1}% 10
\BOOKMARK [3][-]{subsubsection.2.1.8}{How to deal with unlinked configuration space?}{subsection.2.1}% 11
\BOOKMARK [3][-]{subsubsection.2.1.9}{What else can these spheres do?}{subsection.2.1}% 12
\BOOKMARK [2][-]{subsection.2.2}{Demo}{section.2}% 13
\BOOKMARK [2][-]{subsection.2.3}{Some Questions:}{section.2}% 14
\BOOKMARK [3][-]{subsubsection.2.3.1}{How to use less hyper-spheres to cover the space?}{subsection.2.3}% 15
\BOOKMARK [3][-]{subsubsection.2.3.2}{How to get the distance to obstacles more accurately?}{subsection.2.3}% 16
\BOOKMARK [1][-]{section.3}{A* search}{}% 17
\BOOKMARK [2][-]{subsection.3.1}{Something we know}{section.3}% 18
\BOOKMARK [3][-]{subsubsection.3.1.1}{How to reduce unnessary neighbors}{subsection.3.1}% 19
\BOOKMARK [2][-]{subsection.3.2}{Something we don't}{section.3}% 20
\BOOKMARK [3][-]{subsubsection.3.2.1}{How to estimate the quality of the path?}{subsection.3.2}% 21
\BOOKMARK [2][-]{subsection.3.3}{Demo}{section.3}% 22
